==============================================================================
Suites                                                                        
==============================================================================
Suites.dataTest                                                               
==============================================================================
Add Remove Items From Excel                                           | PASS |
------------------------------------------------------------------------------
Add Remove Items From Excel                                           | PASS |
------------------------------------------------------------------------------
Add Remove Items From Excel                                           | PASS |
------------------------------------------------------------------------------
Add Remove Items From Excel                                           | PASS |
------------------------------------------------------------------------------
Add Remove Items From Excel                                           | PASS |
------------------------------------------------------------------------------
Add Remove Items From Excel                                           | PASS |
------------------------------------------------------------------------------
Add Remove Items From Excel                                           | PASS |
------------------------------------------------------------------------------
Add Remove Items From Excel                                           | PASS |
------------------------------------------------------------------------------
Add Remove Items From Excel                                           | PASS |
------------------------------------------------------------------------------
Add Remove Items From Excel                                           | PASS |
------------------------------------------------------------------------------
Add Remove Items From Excel                                           | PASS |
------------------------------------------------------------------------------
Add Remove Items From Excel                                           | PASS |
------------------------------------------------------------------------------
Suites.dataTest                                                       | PASS |
12 tests, 12 passed, 0 failed
==============================================================================
Suites                                                                | PASS |
12 tests, 12 passed, 0 failed
==============================================================================
Output:  /Users/dilipdronadula/PycharmProjects/RobotFrameworkDemoTest/pabot_results/1/output.xml
